<?xml version="1.0" encoding="UTF-8"?>
<TestRun id="5fe5e984-6c39-43b2-80ee-4dc59bd417cb" name="Peter Munnings@PETERMUNNINGS 2012-06-23 15:45:52" runUser="PeterMunnings\Peter Munnings" xmlns="http://microsoft.com/schemas/VisualStudio/TeamTest/2010">
  <TestSettings name="Local" id="24223b40-3916-4d55-b44e-062ee9aa7e40">
    <Description>These are default test settings for a local test run.</Description>
    <Deployment enabled="false" runDeploymentRoot="Peter Munnings_PETERMUNNINGS 2012-06-23 15_45_52">
      <DeploymentItem filename="G:\Source\Oikonomos\oikonomos.data\oikonomos.data\bin\Debug\oikonomos.data.dll" />
      <DeploymentItem filename="G:\Source\Oikonomos\oikonomos\oikonomos.common\bin\Debug\oikonomos.common.dll" />
    </Deployment>
    <Execution>
      <TestTypeSpecific />
      <AgentRule name="Execution Agents">
      </AgentRule>
    </Execution>
  </TestSettings>
  <Times creation="2012-06-23T15:45:52.0047006+02:00" queuing="2012-06-23T15:45:52.4927285+02:00" start="2012-06-23T15:45:52.5227303+02:00" finish="2012-06-23T15:45:52.8287478+02:00" />
  <ResultSummary outcome="Failed">
    <Counters total="1" executed="1" error="0" failed="1" timeout="0" aborted="0" inconclusive="0" passedButRunAborted="0" notRunnable="0" notExecuted="0" disconnected="0" warning="0" passed="0" completed="0" inProgress="0" pending="0" />
  </ResultSummary>
  <TestDefinitions>
    <UnitTest name="FetchGroupAttendance" storage="g:\source\oikonomos\oikonomos\oikonomos.test\bin\debug\oikonomos.test.dll" id="577989b4-e7b4-7b96-2153-f6ab030383ae">
      <Execution id="3e2a0e5f-cee2-4eff-ab41-3f059eb34989" />
      <TestMethod codeBase="G:/Source/Oikonomos/oikonomos/oikonomos.test/bin/Debug/oikonomos.test.DLL" adapterTypeName="Microsoft.VisualStudio.TestTools.TestTypes.Unit.UnitTestAdapter, Microsoft.VisualStudio.QualityTools.Tips.UnitTest.Adapter, Version=10.0.0.0, Culture=neutral, PublicKeyToken=b03f5f7f11d50a3a" className="oikonomos.test.EventTest, oikonomos.test, Version=1.0.0.0, Culture=neutral, PublicKeyToken=null" name="FetchGroupAttendance" />
    </UnitTest>
  </TestDefinitions>
  <TestLists>
    <TestList name="Results Not in a List" id="8c84fa94-04c1-424b-9868-57a2d4851a1d" />
    <TestList name="All Loaded Results" id="19431567-8539-422a-85d7-44ee4e166bda" />
  </TestLists>
  <TestEntries>
    <TestEntry testId="577989b4-e7b4-7b96-2153-f6ab030383ae" executionId="3e2a0e5f-cee2-4eff-ab41-3f059eb34989" testListId="8c84fa94-04c1-424b-9868-57a2d4851a1d" />
  </TestEntries>
  <Results>
    <UnitTestResult executionId="3e2a0e5f-cee2-4eff-ab41-3f059eb34989" testId="577989b4-e7b4-7b96-2153-f6ab030383ae" testName="FetchGroupAttendance" computerName="PETERMUNNINGS" duration="00:00:00.0994897" startTime="2012-06-23T15:45:52.5367311+02:00" endTime="2012-06-23T15:45:52.8087466+02:00" testType="13cdc9d9-ddb5-4fa4-a97d-d965ccfc6d4b" outcome="Failed" testListId="8c84fa94-04c1-424b-9868-57a2d4851a1d" relativeResultsDirectory="3e2a0e5f-cee2-4eff-ab41-3f059eb34989">
      <Output>
        <ErrorInfo>
          <Message>Test method oikonomos.test.EventTest.FetchGroupAttendance threw exception: 
System.NullReferenceException: Object reference not set to an instance of an object.</Message>
          <StackTrace>    at oikonomos.data.Person.HasPermission(Permissions permission) in G:\Source\Oikonomos\oikonomos.data\oikonomos.data\PartialClasses\Person.cs:line 16
   at oikonomos.data.DataAccessors.EventDataAccessor.FetchGroupAttendance(Person currentPerson, Int32 groupId, DateTime startDate, Nullable`1 endDate) in G:\Source\Oikonomos\oikonomos.data\oikonomos.data\DataAccessors\EventDataAccessor.cs:line 288
   at oikonomos.data.DataAccessors.EventDataAccessor.FetchGroupAttendance(Person currentPerson, Int32 groupId, DateTime eventDate) in G:\Source\Oikonomos\oikonomos.data\oikonomos.data\DataAccessors\EventDataAccessor.cs:line 224
   at oikonomos.test.EventTest.FetchGroupAttendance() in G:\Source\Oikonomos\oikonomos\oikonomos.test\EventTest.cs:line 21
</StackTrace>
        </ErrorInfo>
      </Output>
    </UnitTestResult>
  </Results>
</TestRun>